0 info it worked if it ends with ok
1 verbose cli [ '/usr/local/bin/node', '/usr/local/bin/npm', 'run', 'tsc:w' ]
2 info using npm@3.3.12
3 info using node@v5.4.1
4 verbose run-script [ 'pretsc:w', 'tsc:w', 'posttsc:w' ]
5 info lifecycle TTApp3@0.0.0~pretsc:w: TTApp3@0.0.0
6 silly lifecycle TTApp3@0.0.0~pretsc:w: no script for pretsc:w, continuing
7 info lifecycle TTApp3@0.0.0~tsc:w: TTApp3@0.0.0
8 verbose lifecycle TTApp3@0.0.0~tsc:w: unsafe-perm in lifecycle true
9 verbose lifecycle TTApp3@0.0.0~tsc:w: PATH: /usr/local/lib/node_modules/npm/bin/node-gyp-bin:/Users/ye/Documents/TTApp3/node_modules/.bin:/usr/local/lib/node_modules/npm/bin/node-gyp-bin:/Users/ye/Documents/TTApp3/node_modules/.bin:/Library/Frameworks/Python.framework/Versions/3.5/bin:/opt/local/bin:/opt/local/sbin:/opt/local/bin:/opt/local/sbin:/usr/local/bin:/usr/bin:/bin:/usr/sbin:/sbin:/Users/ye/OpenCV-android-sdk/sdk/native/jni/include:/Applications/MacVim.app/Contents/MacOS:/usr/local/mongodb/bin:/opt/X11/bin:/Library/PostgreSQL/9.3/bin:/Users/ye/MongoDB/bin
10 verbose lifecycle TTApp3@0.0.0~tsc:w: CWD: /Users/ye/Documents/TTApp3
11 silly lifecycle TTApp3@0.0.0~tsc:w: Args: [ '-c', 'tsc -w' ]
12 silly lifecycle TTApp3@0.0.0~tsc:w: Returned: code: 1  signal: null
13 info lifecycle TTApp3@0.0.0~tsc:w: Failed to exec tsc:w script
14 verbose stack Error: TTApp3@0.0.0 tsc:w: `tsc -w`
14 verbose stack Exit status 1
14 verbose stack     at EventEmitter.<anonymous> (/usr/local/lib/node_modules/npm/lib/utils/lifecycle.js:232:16)
14 verbose stack     at emitTwo (events.js:87:13)
14 verbose stack     at EventEmitter.emit (events.js:172:7)
14 verbose stack     at ChildProcess.<anonymous> (/usr/local/lib/node_modules/npm/lib/utils/spawn.js:24:14)
14 verbose stack     at emitTwo (events.js:87:13)
14 verbose stack     at ChildProcess.emit (events.js:172:7)
14 verbose stack     at maybeClose (internal/child_process.js:821:16)
14 verbose stack     at Process.ChildProcess._handle.onexit (internal/child_process.js:211:5)
15 verbose pkgid TTApp3@0.0.0
16 verbose cwd /Users/ye/Documents/TTApp3
17 error Darwin 15.3.0
18 error argv "/usr/local/bin/node" "/usr/local/bin/npm" "run" "tsc:w"
19 error node v5.4.1
20 error npm  v3.3.12
21 error code ELIFECYCLE
22 error TTApp3@0.0.0 tsc:w: `tsc -w`
22 error Exit status 1
23 error Failed at the TTApp3@0.0.0 tsc:w script 'tsc -w'.
23 error Make sure you have the latest version of node.js and npm installed.
23 error If you do, this is most likely a problem with the TTApp3 package,
23 error not with npm itself.
23 error Tell the author that this fails on your system:
23 error     tsc -w
23 error You can get their info via:
23 error     npm owner ls TTApp3
23 error There is likely additional logging output above.
24 verbose exit [ 1, true ]
